2022-06-07 00:02:50.198  INFO 15036 --- [restartedMain] com.example.springboot.Application       : Starting Application using Java 17.0.2 on DESKTOP-KTQV4OK with PID 15036 (C:\Users\ersin\Desktop\RoadMapCodes\JAVA Projects\springBoot\target\classes started by KintoAden in C:\Users\ersin\Desktop\RoadMapCodes\JAVA Projects\springBoot)
2022-06-07 00:02:50.203  INFO 15036 --- [restartedMain] com.example.springboot.Application       : No active profile set, falling back to 1 default profile: "default"
2022-06-07 00:02:50.270  INFO 15036 --- [restartedMain] o.s.b.devtools.restart.ChangeableUrls    : The Class-Path manifest attribute in C:\Users\ersin\.m2\repository\com\oracle\database\jdbc\ojdbc8\21.5.0.0\ojdbc8-21.5.0.0.jar referenced one or more files that do not exist: file:/C:/Users/ersin/.m2/repository/com/oracle/database/jdbc/ojdbc8/21.5.0.0/oraclepki.jar
2022-06-07 00:02:50.270  INFO 15036 --- [restartedMain] .e.DevToolsPropertyDefaultsPostProcessor : Devtools property defaults active! Set 'spring.devtools.add-properties' to 'false' to disable
2022-06-07 00:02:50.271  INFO 15036 --- [restartedMain] .e.DevToolsPropertyDefaultsPostProcessor : For additional web related logging consider setting the 'logging.level.web' property to 'DEBUG'
2022-06-07 00:02:51.743  INFO 15036 --- [restartedMain] .s.d.r.c.RepositoryConfigurationDelegate : Bootstrapping Spring Data JPA repositories in DEFAULT mode.
2022-06-07 00:02:51.806  INFO 15036 --- [restartedMain] .s.d.r.c.RepositoryConfigurationDelegate : Finished Spring Data repository scanning in 55 ms. Found 1 JPA repository interfaces.
2022-06-07 00:02:52.608  INFO 15036 --- [restartedMain] o.s.b.w.embedded.tomcat.TomcatWebServer  : Tomcat initialized with port(s): 8080 (http)
2022-06-07 00:02:52.620  INFO 15036 --- [restartedMain] o.apache.catalina.core.StandardService   : Starting service [Tomcat]
2022-06-07 00:02:52.620  INFO 15036 --- [restartedMain] org.apache.catalina.core.StandardEngine  : Starting Servlet engine: [Apache Tomcat/9.0.63]
2022-06-07 00:02:52.739  INFO 15036 --- [restartedMain] o.a.c.c.C.[Tomcat].[localhost].[/]       : Initializing Spring embedded WebApplicationContext
2022-06-07 00:02:52.740  INFO 15036 --- [restartedMain] w.s.c.ServletWebServerApplicationContext : Root WebApplicationContext: initialization completed in 2469 ms
2022-06-07 00:02:52.895  INFO 15036 --- [restartedMain] com.zaxxer.hikari.HikariDataSource       : HikariPool-1 - Starting...
2022-06-07 00:02:53.085  INFO 15036 --- [restartedMain] com.zaxxer.hikari.HikariDataSource       : HikariPool-1 - Start completed.
2022-06-07 00:02:53.101  INFO 15036 --- [restartedMain] o.s.b.a.h2.H2ConsoleAutoConfiguration    : H2 console available at '/h2-console'. Database available at 'jdbc:h2:mem:deneme'
2022-06-07 00:02:53.315  INFO 15036 --- [restartedMain] o.hibernate.jpa.internal.util.LogHelper  : HHH000204: Processing PersistenceUnitInfo [name: default]
2022-06-07 00:02:53.357  INFO 15036 --- [restartedMain] org.hibernate.Version                    : HHH000412: Hibernate ORM core version 5.6.9.Final
2022-06-07 00:02:53.517  INFO 15036 --- [restartedMain] o.hibernate.annotations.common.Version   : HCANN000001: Hibernate Commons Annotations {5.1.2.Final}
2022-06-07 00:02:53.678  INFO 15036 --- [restartedMain] org.hibernate.dialect.Dialect            : HHH000400: Using dialect: org.hibernate.dialect.H2Dialect
2022-06-07 00:02:54.465  INFO 15036 --- [restartedMain] o.h.e.t.j.p.i.JtaPlatformInitiator       : HHH000490: Using JtaPlatform implementation: [org.hibernate.engine.transaction.jta.platform.internal.NoJtaPlatform]
2022-06-07 00:02:54.474  INFO 15036 --- [restartedMain] j.LocalContainerEntityManagerFactoryBean : Initialized JPA EntityManagerFactory for persistence unit 'default'
2022-06-07 00:02:54.525  INFO 15036 --- [restartedMain] com.example.springboot.tuto.dto.BeanDto  : Bean yokken ben
2022-06-07 00:02:54.670  WARN 15036 --- [restartedMain] JpaBaseConfiguration$JpaWebConfiguration : spring.jpa.open-in-view is enabled by default. Therefore, database queries may be performed during view rendering. Explicitly configure spring.jpa.open-in-view to disable this warning
2022-06-07 00:02:55.827  WARN 15036 --- [restartedMain] .s.s.UserDetailsServiceAutoConfiguration : 

Using generated security password: 2d426674-c04c-43b7-8bb0-5b46bfcb0df2

This generated password is for development use only. Your security configuration must be updated before running your application in production.

2022-06-07 00:02:55.915  INFO 15036 --- [restartedMain] o.s.b.a.e.web.EndpointLinksResolver      : Exposing 1 endpoint(s) beneath base path '/actuator'
2022-06-07 00:02:55.926  INFO 15036 --- [restartedMain] o.s.s.web.DefaultSecurityFilterChain     : Will secure any request with [org.springframework.security.web.session.DisableEncodeUrlFilter@486db0c2, org.springframework.security.web.context.request.async.WebAsyncManagerIntegrationFilter@53049ba0, org.springframework.security.web.context.SecurityContextPersistenceFilter@5de36335, org.springframework.security.web.header.HeaderWriterFilter@2ea542cc, org.springframework.web.filter.CorsFilter@db6abe0, org.springframework.security.web.csrf.CsrfFilter@174573d0, org.springframework.security.web.authentication.logout.LogoutFilter@2b7d1408, org.springframework.security.web.authentication.UsernamePasswordAuthenticationFilter@757ae02d, org.springframework.security.web.authentication.ui.DefaultLoginPageGeneratingFilter@2cdefffd, org.springframework.security.web.authentication.ui.DefaultLogoutPageGeneratingFilter@7fa15f11, org.springframework.security.web.authentication.www.BasicAuthenticationFilter@41f178f2, org.springframework.security.web.savedrequest.RequestCacheAwareFilter@4b2a86f5, org.springframework.security.web.servletapi.SecurityContextHolderAwareRequestFilter@7ae39d9, org.springframework.security.web.authentication.AnonymousAuthenticationFilter@5a6f0b87, org.springframework.security.web.session.SessionManagementFilter@4764ad2b, org.springframework.security.web.access.ExceptionTranslationFilter@b90e9c, org.springframework.security.web.access.intercept.FilterSecurityInterceptor@1a75ecb6]
2022-06-07 00:02:56.062  WARN 15036 --- [restartedMain] ConfigServletWebServerApplicationContext : Exception encountered during context initialization - cancelling refresh attempt: org.springframework.beans.factory.BeanCreationException: Error creating bean with name 'employeeRepository' defined in com.example.springboot.data.repository.EmployeeRepository defined in @EnableJpaRepositories declared on JpaRepositoriesRegistrar.EnableJpaRepositoriesConfiguration: Invocation of init method failed; nested exception is java.lang.IllegalArgumentException: Not a managed type: class java.lang.Object
2022-06-07 00:02:56.064  INFO 15036 --- [restartedMain] com.example.springboot.tuto.dto.BeanDto  : Bean bitince ben
2022-06-07 00:02:56.064  INFO 15036 --- [restartedMain] j.LocalContainerEntityManagerFactoryBean : Closing JPA EntityManagerFactory for persistence unit 'default'
2022-06-07 00:02:56.271  WARN 15036 --- [restartedMain] o.s.b.f.support.DisposableBeanAdapter    : Invocation of destroy method failed on bean with name 'inMemoryDatabaseShutdownExecutor': org.h2.jdbc.JdbcSQLNonTransientConnectionException: Database is already closed (to disable automatic closing at VM shutdown, add ";DB_CLOSE_ON_EXIT=FALSE" to the db URL) [90121-212]
2022-06-07 00:02:56.273  INFO 15036 --- [restartedMain] com.zaxxer.hikari.HikariDataSource       : HikariPool-1 - Shutdown initiated...
2022-06-07 00:02:56.274  INFO 15036 --- [restartedMain] com.zaxxer.hikari.HikariDataSource       : HikariPool-1 - Shutdown completed.
2022-06-07 00:02:56.276  INFO 15036 --- [restartedMain] o.apache.catalina.core.StandardService   : Stopping service [Tomcat]
2022-06-07 00:02:56.293  INFO 15036 --- [restartedMain] ConditionEvaluationReportLoggingListener : 

Error starting ApplicationContext. To display the conditions report re-run your application with 'debug' enabled.
2022-06-07 00:02:56.314 ERROR 15036 --- [restartedMain] o.s.boot.SpringApplication               : Application run failed

org.springframework.beans.factory.BeanCreationException: Error creating bean with name 'employeeRepository' defined in com.example.springboot.data.repository.EmployeeRepository defined in @EnableJpaRepositories declared on JpaRepositoriesRegistrar.EnableJpaRepositoriesConfiguration: Invocation of init method failed; nested exception is java.lang.IllegalArgumentException: Not a managed type: class java.lang.Object
	at org.springframework.beans.factory.support.AbstractAutowireCapableBeanFactory.initializeBean(AbstractAutowireCapableBeanFactory.java:1804) ~[spring-beans-5.3.20.jar:5.3.20]
	at org.springframework.beans.factory.support.AbstractAutowireCapableBeanFactory.doCreateBean(AbstractAutowireCapableBeanFactory.java:620) ~[spring-beans-5.3.20.jar:5.3.20]
	at org.springframework.beans.factory.support.AbstractAutowireCapableBeanFactory.createBean(AbstractAutowireCapableBeanFactory.java:542) ~[spring-beans-5.3.20.jar:5.3.20]
	at org.springframework.beans.factory.support.AbstractBeanFactory.lambda$doGetBean$0(AbstractBeanFactory.java:335) ~[spring-beans-5.3.20.jar:5.3.20]
	at org.springframework.beans.factory.support.DefaultSingletonBeanRegistry.getSingleton(DefaultSingletonBeanRegistry.java:234) ~[spring-beans-5.3.20.jar:5.3.20]
	at org.springframework.beans.factory.support.AbstractBeanFactory.doGetBean(AbstractBeanFactory.java:333) ~[spring-beans-5.3.20.jar:5.3.20]
	at org.springframework.beans.factory.support.AbstractBeanFactory.getBean(AbstractBeanFactory.java:208) ~[spring-beans-5.3.20.jar:5.3.20]
	at org.springframework.beans.factory.support.DefaultListableBeanFactory.preInstantiateSingletons(DefaultListableBeanFactory.java:934) ~[spring-beans-5.3.20.jar:5.3.20]
	at org.springframework.context.support.AbstractApplicationContext.finishBeanFactoryInitialization(AbstractApplicationContext.java:918) ~[spring-context-5.3.20.jar:5.3.20]
	at org.springframework.context.support.AbstractApplicationContext.refresh(AbstractApplicationContext.java:583) ~[spring-context-5.3.20.jar:5.3.20]
	at org.springframework.boot.web.servlet.context.ServletWebServerApplicationContext.refresh(ServletWebServerApplicationContext.java:147) ~[spring-boot-2.7.0.jar:2.7.0]
	at org.springframework.boot.SpringApplication.refresh(SpringApplication.java:734) ~[spring-boot-2.7.0.jar:2.7.0]
	at org.springframework.boot.SpringApplication.refreshContext(SpringApplication.java:408) ~[spring-boot-2.7.0.jar:2.7.0]
	at org.springframework.boot.SpringApplication.run(SpringApplication.java:308) ~[spring-boot-2.7.0.jar:2.7.0]
	at org.springframework.boot.SpringApplication.run(SpringApplication.java:1306) ~[spring-boot-2.7.0.jar:2.7.0]
	at org.springframework.boot.SpringApplication.run(SpringApplication.java:1295) ~[spring-boot-2.7.0.jar:2.7.0]
	at com.example.springboot.Application.main(Application.java:12) ~[classes/:na]
	at java.base/jdk.internal.reflect.NativeMethodAccessorImpl.invoke0(Native Method) ~[na:na]
	at java.base/jdk.internal.reflect.NativeMethodAccessorImpl.invoke(NativeMethodAccessorImpl.java:77) ~[na:na]
	at java.base/jdk.internal.reflect.DelegatingMethodAccessorImpl.invoke(DelegatingMethodAccessorImpl.java:43) ~[na:na]
	at java.base/java.lang.reflect.Method.invoke(Method.java:568) ~[na:na]
	at org.springframework.boot.devtools.restart.RestartLauncher.run(RestartLauncher.java:49) ~[spring-boot-devtools-2.7.0.jar:2.7.0]
Caused by: java.lang.IllegalArgumentException: Not a managed type: class java.lang.Object
	at org.hibernate.metamodel.internal.MetamodelImpl.managedType(MetamodelImpl.java:582) ~[hibernate-core-5.6.9.Final.jar:5.6.9.Final]
	at org.hibernate.metamodel.internal.MetamodelImpl.managedType(MetamodelImpl.java:85) ~[hibernate-core-5.6.9.Final.jar:5.6.9.Final]
	at org.springframework.data.jpa.repository.support.JpaMetamodelEntityInformation.<init>(JpaMetamodelEntityInformation.java:75) ~[spring-data-jpa-2.7.0.jar:2.7.0]
	at org.springframework.data.jpa.repository.support.JpaEntityInformationSupport.getEntityInformation(JpaEntityInformationSupport.java:66) ~[spring-data-jpa-2.7.0.jar:2.7.0]
	at org.springframework.data.jpa.repository.support.JpaRepositoryFactory.getEntityInformation(JpaRepositoryFactory.java:233) ~[spring-data-jpa-2.7.0.jar:2.7.0]
	at org.springframework.data.jpa.repository.support.JpaRepositoryFactory.getTargetRepository(JpaRepositoryFactory.java:182) ~[spring-data-jpa-2.7.0.jar:2.7.0]
	at org.springframework.data.jpa.repository.support.JpaRepositoryFactory.getTargetRepository(JpaRepositoryFactory.java:165) ~[spring-data-jpa-2.7.0.jar:2.7.0]
	at org.springframework.data.jpa.repository.support.JpaRepositoryFactory.getTargetRepository(JpaRepositoryFactory.java:76) ~[spring-data-jpa-2.7.0.jar:2.7.0]
	at org.springframework.data.repository.core.support.RepositoryFactorySupport.getRepository(RepositoryFactorySupport.java:324) ~[spring-data-commons-2.7.0.jar:2.7.0]
	at org.springframework.data.repository.core.support.RepositoryFactoryBeanSupport.lambda$afterPropertiesSet$5(RepositoryFactoryBeanSupport.java:322) ~[spring-data-commons-2.7.0.jar:2.7.0]
	at org.springframework.data.util.Lazy.getNullable(Lazy.java:230) ~[spring-data-commons-2.7.0.jar:2.7.0]
	at org.springframework.data.util.Lazy.get(Lazy.java:114) ~[spring-data-commons-2.7.0.jar:2.7.0]
	at org.springframework.data.repository.core.support.RepositoryFactoryBeanSupport.afterPropertiesSet(RepositoryFactoryBeanSupport.java:328) ~[spring-data-commons-2.7.0.jar:2.7.0]
	at org.springframework.data.jpa.repository.support.JpaRepositoryFactoryBean.afterPropertiesSet(JpaRepositoryFactoryBean.java:144) ~[spring-data-jpa-2.7.0.jar:2.7.0]
	at org.springframework.beans.factory.support.AbstractAutowireCapableBeanFactory.invokeInitMethods(AbstractAutowireCapableBeanFactory.java:1863) ~[spring-beans-5.3.20.jar:5.3.20]
	at org.springframework.beans.factory.support.AbstractAutowireCapableBeanFactory.initializeBean(AbstractAutowireCapableBeanFactory.java:1800) ~[spring-beans-5.3.20.jar:5.3.20]
	... 21 common frames omitted

2022-06-07 00:03:41.729  INFO 3800 --- [restartedMain] com.example.springboot.Application       : Starting Application using Java 17.0.2 on DESKTOP-KTQV4OK with PID 3800 (C:\Users\ersin\Desktop\RoadMapCodes\JAVA Projects\springBoot\target\classes started by KintoAden in C:\Users\ersin\Desktop\RoadMapCodes\JAVA Projects\springBoot)
2022-06-07 00:03:41.730  INFO 3800 --- [restartedMain] com.example.springboot.Application       : No active profile set, falling back to 1 default profile: "default"
2022-06-07 00:03:41.771  INFO 3800 --- [restartedMain] o.s.b.devtools.restart.ChangeableUrls    : The Class-Path manifest attribute in C:\Users\ersin\.m2\repository\com\oracle\database\jdbc\ojdbc8\21.5.0.0\ojdbc8-21.5.0.0.jar referenced one or more files that do not exist: file:/C:/Users/ersin/.m2/repository/com/oracle/database/jdbc/ojdbc8/21.5.0.0/oraclepki.jar
2022-06-07 00:03:41.772  INFO 3800 --- [restartedMain] .e.DevToolsPropertyDefaultsPostProcessor : Devtools property defaults active! Set 'spring.devtools.add-properties' to 'false' to disable
2022-06-07 00:03:41.772  INFO 3800 --- [restartedMain] .e.DevToolsPropertyDefaultsPostProcessor : For additional web related logging consider setting the 'logging.level.web' property to 'DEBUG'
2022-06-07 00:03:42.498  INFO 3800 --- [restartedMain] .s.d.r.c.RepositoryConfigurationDelegate : Bootstrapping Spring Data JPA repositories in DEFAULT mode.
2022-06-07 00:03:42.545  INFO 3800 --- [restartedMain] .s.d.r.c.RepositoryConfigurationDelegate : Finished Spring Data repository scanning in 39 ms. Found 1 JPA repository interfaces.
2022-06-07 00:03:43.006  INFO 3800 --- [restartedMain] o.s.b.w.embedded.tomcat.TomcatWebServer  : Tomcat initialized with port(s): 8080 (http)
2022-06-07 00:03:43.012  INFO 3800 --- [restartedMain] o.apache.catalina.core.StandardService   : Starting service [Tomcat]
2022-06-07 00:03:43.012  INFO 3800 --- [restartedMain] org.apache.catalina.core.StandardEngine  : Starting Servlet engine: [Apache Tomcat/9.0.63]
2022-06-07 00:03:43.082  INFO 3800 --- [restartedMain] o.a.c.c.C.[Tomcat].[localhost].[/]       : Initializing Spring embedded WebApplicationContext
2022-06-07 00:03:43.082  INFO 3800 --- [restartedMain] w.s.c.ServletWebServerApplicationContext : Root WebApplicationContext: initialization completed in 1310 ms
2022-06-07 00:03:43.159  INFO 3800 --- [restartedMain] com.zaxxer.hikari.HikariDataSource       : HikariPool-1 - Starting...
2022-06-07 00:03:43.286  INFO 3800 --- [restartedMain] com.zaxxer.hikari.HikariDataSource       : HikariPool-1 - Start completed.
2022-06-07 00:03:43.295  INFO 3800 --- [restartedMain] o.s.b.a.h2.H2ConsoleAutoConfiguration    : H2 console available at '/h2-console'. Database available at 'jdbc:h2:mem:deneme'
2022-06-07 00:03:43.416  INFO 3800 --- [restartedMain] o.hibernate.jpa.internal.util.LogHelper  : HHH000204: Processing PersistenceUnitInfo [name: default]
2022-06-07 00:03:43.444  INFO 3800 --- [restartedMain] org.hibernate.Version                    : HHH000412: Hibernate ORM core version 5.6.9.Final
2022-06-07 00:03:43.535  INFO 3800 --- [restartedMain] o.hibernate.annotations.common.Version   : HCANN000001: Hibernate Commons Annotations {5.1.2.Final}
2022-06-07 00:03:43.598  INFO 3800 --- [restartedMain] org.hibernate.dialect.Dialect            : HHH000400: Using dialect: org.hibernate.dialect.H2Dialect
2022-06-07 00:03:43.941  INFO 3800 --- [restartedMain] o.h.e.t.j.p.i.JtaPlatformInitiator       : HHH000490: Using JtaPlatform implementation: [org.hibernate.engine.transaction.jta.platform.internal.NoJtaPlatform]
2022-06-07 00:03:43.946  INFO 3800 --- [restartedMain] j.LocalContainerEntityManagerFactoryBean : Initialized JPA EntityManagerFactory for persistence unit 'default'
2022-06-07 00:03:43.981  INFO 3800 --- [restartedMain] com.example.springboot.tuto.dto.BeanDto  : Bean yokken ben
2022-06-07 00:03:44.064  WARN 3800 --- [restartedMain] JpaBaseConfiguration$JpaWebConfiguration : spring.jpa.open-in-view is enabled by default. Therefore, database queries may be performed during view rendering. Explicitly configure spring.jpa.open-in-view to disable this warning
2022-06-07 00:03:44.800  WARN 3800 --- [restartedMain] .s.s.UserDetailsServiceAutoConfiguration : 

Using generated security password: 0b1ae539-6aa8-4b55-930a-ea20a40c7c6d

This generated password is for development use only. Your security configuration must be updated before running your application in production.

2022-06-07 00:03:44.879  INFO 3800 --- [restartedMain] o.s.b.a.e.web.EndpointLinksResolver      : Exposing 1 endpoint(s) beneath base path '/actuator'
2022-06-07 00:03:44.888  INFO 3800 --- [restartedMain] o.s.s.web.DefaultSecurityFilterChain     : Will secure any request with [org.springframework.security.web.session.DisableEncodeUrlFilter@652c6546, org.springframework.security.web.context.request.async.WebAsyncManagerIntegrationFilter@1cf5c17d, org.springframework.security.web.context.SecurityContextPersistenceFilter@68ad1196, org.springframework.security.web.header.HeaderWriterFilter@1649ba97, org.springframework.web.filter.CorsFilter@2c306708, org.springframework.security.web.csrf.CsrfFilter@441239b8, org.springframework.security.web.authentication.logout.LogoutFilter@76ee9632, org.springframework.security.web.authentication.UsernamePasswordAuthenticationFilter@6002e8a6, org.springframework.security.web.authentication.ui.DefaultLoginPageGeneratingFilter@7cf4e228, org.springframework.security.web.authentication.ui.DefaultLogoutPageGeneratingFilter@563d7138, org.springframework.security.web.authentication.www.BasicAuthenticationFilter@4eb162a5, org.springframework.security.web.savedrequest.RequestCacheAwareFilter@3f1f9376, org.springframework.security.web.servletapi.SecurityContextHolderAwareRequestFilter@6ca9efa8, org.springframework.security.web.authentication.AnonymousAuthenticationFilter@50bd38ec, org.springframework.security.web.session.SessionManagementFilter@49e45ec1, org.springframework.security.web.access.ExceptionTranslationFilter@1bce7b87, org.springframework.security.web.access.intercept.FilterSecurityInterceptor@9b75a3f]
2022-06-07 00:03:44.989  WARN 3800 --- [restartedMain] ConfigServletWebServerApplicationContext : Exception encountered during context initialization - cancelling refresh attempt: org.springframework.beans.factory.BeanCreationException: Error creating bean with name 'employeeRepository' defined in com.example.springboot.data.repository.EmployeeRepository defined in @EnableJpaRepositories declared on JpaRepositoriesRegistrar.EnableJpaRepositoriesConfiguration: Invocation of init method failed; nested exception is java.lang.IllegalArgumentException: Not a managed type: class java.lang.Object
2022-06-07 00:03:44.991  INFO 3800 --- [restartedMain] com.example.springboot.tuto.dto.BeanDto  : Bean bitince ben
2022-06-07 00:03:44.992  INFO 3800 --- [restartedMain] j.LocalContainerEntityManagerFactoryBean : Closing JPA EntityManagerFactory for persistence unit 'default'
2022-06-07 00:03:45.209  WARN 3800 --- [restartedMain] o.s.b.f.support.DisposableBeanAdapter    : Invocation of destroy method failed on bean with name 'inMemoryDatabaseShutdownExecutor': org.h2.jdbc.JdbcSQLNonTransientConnectionException: Database is already closed (to disable automatic closing at VM shutdown, add ";DB_CLOSE_ON_EXIT=FALSE" to the db URL) [90121-212]
2022-06-07 00:03:45.210  INFO 3800 --- [restartedMain] com.zaxxer.hikari.HikariDataSource       : HikariPool-1 - Shutdown initiated...
2022-06-07 00:03:45.212  INFO 3800 --- [restartedMain] com.zaxxer.hikari.HikariDataSource       : HikariPool-1 - Shutdown completed.
2022-06-07 00:03:45.213  INFO 3800 --- [restartedMain] o.apache.catalina.core.StandardService   : Stopping service [Tomcat]
2022-06-07 00:03:45.229  INFO 3800 --- [restartedMain] ConditionEvaluationReportLoggingListener : 

Error starting ApplicationContext. To display the conditions report re-run your application with 'debug' enabled.
2022-06-07 00:03:45.250 ERROR 3800 --- [restartedMain] o.s.boot.SpringApplication               : Application run failed

org.springframework.beans.factory.BeanCreationException: Error creating bean with name 'employeeRepository' defined in com.example.springboot.data.repository.EmployeeRepository defined in @EnableJpaRepositories declared on JpaRepositoriesRegistrar.EnableJpaRepositoriesConfiguration: Invocation of init method failed; nested exception is java.lang.IllegalArgumentException: Not a managed type: class java.lang.Object
	at org.springframework.beans.factory.support.AbstractAutowireCapableBeanFactory.initializeBean(AbstractAutowireCapableBeanFactory.java:1804) ~[spring-beans-5.3.20.jar:5.3.20]
	at org.springframework.beans.factory.support.AbstractAutowireCapableBeanFactory.doCreateBean(AbstractAutowireCapableBeanFactory.java:620) ~[spring-beans-5.3.20.jar:5.3.20]
	at org.springframework.beans.factory.support.AbstractAutowireCapableBeanFactory.createBean(AbstractAutowireCapableBeanFactory.java:542) ~[spring-beans-5.3.20.jar:5.3.20]
	at org.springframework.beans.factory.support.AbstractBeanFactory.lambda$doGetBean$0(AbstractBeanFactory.java:335) ~[spring-beans-5.3.20.jar:5.3.20]
	at org.springframework.beans.factory.support.DefaultSingletonBeanRegistry.getSingleton(DefaultSingletonBeanRegistry.java:234) ~[spring-beans-5.3.20.jar:5.3.20]
	at org.springframework.beans.factory.support.AbstractBeanFactory.doGetBean(AbstractBeanFactory.java:333) ~[spring-beans-5.3.20.jar:5.3.20]
	at org.springframework.beans.factory.support.AbstractBeanFactory.getBean(AbstractBeanFactory.java:208) ~[spring-beans-5.3.20.jar:5.3.20]
	at org.springframework.beans.factory.support.DefaultListableBeanFactory.preInstantiateSingletons(DefaultListableBeanFactory.java:934) ~[spring-beans-5.3.20.jar:5.3.20]
	at org.springframework.context.support.AbstractApplicationContext.finishBeanFactoryInitialization(AbstractApplicationContext.java:918) ~[spring-context-5.3.20.jar:5.3.20]
	at org.springframework.context.support.AbstractApplicationContext.refresh(AbstractApplicationContext.java:583) ~[spring-context-5.3.20.jar:5.3.20]
	at org.springframework.boot.web.servlet.context.ServletWebServerApplicationContext.refresh(ServletWebServerApplicationContext.java:147) ~[spring-boot-2.7.0.jar:2.7.0]
	at org.springframework.boot.SpringApplication.refresh(SpringApplication.java:734) ~[spring-boot-2.7.0.jar:2.7.0]
	at org.springframework.boot.SpringApplication.refreshContext(SpringApplication.java:408) ~[spring-boot-2.7.0.jar:2.7.0]
	at org.springframework.boot.SpringApplication.run(SpringApplication.java:308) ~[spring-boot-2.7.0.jar:2.7.0]
	at org.springframework.boot.SpringApplication.run(SpringApplication.java:1306) ~[spring-boot-2.7.0.jar:2.7.0]
	at org.springframework.boot.SpringApplication.run(SpringApplication.java:1295) ~[spring-boot-2.7.0.jar:2.7.0]
	at com.example.springboot.Application.main(Application.java:12) ~[classes/:na]
	at java.base/jdk.internal.reflect.NativeMethodAccessorImpl.invoke0(Native Method) ~[na:na]
	at java.base/jdk.internal.reflect.NativeMethodAccessorImpl.invoke(NativeMethodAccessorImpl.java:77) ~[na:na]
	at java.base/jdk.internal.reflect.DelegatingMethodAccessorImpl.invoke(DelegatingMethodAccessorImpl.java:43) ~[na:na]
	at java.base/java.lang.reflect.Method.invoke(Method.java:568) ~[na:na]
	at org.springframework.boot.devtools.restart.RestartLauncher.run(RestartLauncher.java:49) ~[spring-boot-devtools-2.7.0.jar:2.7.0]
Caused by: java.lang.IllegalArgumentException: Not a managed type: class java.lang.Object
	at org.hibernate.metamodel.internal.MetamodelImpl.managedType(MetamodelImpl.java:582) ~[hibernate-core-5.6.9.Final.jar:5.6.9.Final]
	at org.hibernate.metamodel.internal.MetamodelImpl.managedType(MetamodelImpl.java:85) ~[hibernate-core-5.6.9.Final.jar:5.6.9.Final]
	at org.springframework.data.jpa.repository.support.JpaMetamodelEntityInformation.<init>(JpaMetamodelEntityInformation.java:75) ~[spring-data-jpa-2.7.0.jar:2.7.0]
	at org.springframework.data.jpa.repository.support.JpaEntityInformationSupport.getEntityInformation(JpaEntityInformationSupport.java:66) ~[spring-data-jpa-2.7.0.jar:2.7.0]
	at org.springframework.data.jpa.repository.support.JpaRepositoryFactory.getEntityInformation(JpaRepositoryFactory.java:233) ~[spring-data-jpa-2.7.0.jar:2.7.0]
	at org.springframework.data.jpa.repository.support.JpaRepositoryFactory.getTargetRepository(JpaRepositoryFactory.java:182) ~[spring-data-jpa-2.7.0.jar:2.7.0]
	at org.springframework.data.jpa.repository.support.JpaRepositoryFactory.getTargetRepository(JpaRepositoryFactory.java:165) ~[spring-data-jpa-2.7.0.jar:2.7.0]
	at org.springframework.data.jpa.repository.support.JpaRepositoryFactory.getTargetRepository(JpaRepositoryFactory.java:76) ~[spring-data-jpa-2.7.0.jar:2.7.0]
	at org.springframework.data.repository.core.support.RepositoryFactorySupport.getRepository(RepositoryFactorySupport.java:324) ~[spring-data-commons-2.7.0.jar:2.7.0]
	at org.springframework.data.repository.core.support.RepositoryFactoryBeanSupport.lambda$afterPropertiesSet$5(RepositoryFactoryBeanSupport.java:322) ~[spring-data-commons-2.7.0.jar:2.7.0]
	at org.springframework.data.util.Lazy.getNullable(Lazy.java:230) ~[spring-data-commons-2.7.0.jar:2.7.0]
	at org.springframework.data.util.Lazy.get(Lazy.java:114) ~[spring-data-commons-2.7.0.jar:2.7.0]
	at org.springframework.data.repository.core.support.RepositoryFactoryBeanSupport.afterPropertiesSet(RepositoryFactoryBeanSupport.java:328) ~[spring-data-commons-2.7.0.jar:2.7.0]
	at org.springframework.data.jpa.repository.support.JpaRepositoryFactoryBean.afterPropertiesSet(JpaRepositoryFactoryBean.java:144) ~[spring-data-jpa-2.7.0.jar:2.7.0]
	at org.springframework.beans.factory.support.AbstractAutowireCapableBeanFactory.invokeInitMethods(AbstractAutowireCapableBeanFactory.java:1863) ~[spring-beans-5.3.20.jar:5.3.20]
	at org.springframework.beans.factory.support.AbstractAutowireCapableBeanFactory.initializeBean(AbstractAutowireCapableBeanFactory.java:1800) ~[spring-beans-5.3.20.jar:5.3.20]
	... 21 common frames omitted

